{"contracts/capabilities/Blacklistable.sol":{"l":{"35":12,"36":12,"44":13,"47":11,"50":9,"53":9,"61":9,"64":7,"67":5,"70":5,"83":76,"84":64,"88":12,"94":12,"100":13,"109":9},"path":"/Users/eugene/Documents/wrapped/contracts/capabilities/Blacklistable.sol","s":{"1":12,"2":12,"3":13,"4":11,"5":9,"6":9,"7":9,"8":7,"9":5,"10":5,"11":76,"12":64,"13":12,"14":12,"15":13,"16":9},"b":{"1":[11,2],"2":[9,2],"3":[7,2],"4":[5,2],"5":[64,12]},"f":{"1":12,"2":13,"3":9,"4":76,"5":12,"6":13,"7":9},"fnMap":{"1":{"name":"_setBlacklistEnabled","line":34,"loc":{"start":{"line":34,"column":4},"end":{"line":37,"column":4}}},"2":{"name":"_addToBlacklist","line":42,"loc":{"start":{"line":42,"column":4},"end":{"line":54,"column":4}}},"3":{"name":"_removeFromBlacklist","line":59,"loc":{"start":{"line":59,"column":4},"end":{"line":71,"column":4}}},"4":{"name":"checkBlacklistAllowed","line":77,"loc":{"start":{"line":77,"column":4},"end":{"line":89,"column":4}}},"5":{"name":"setBlacklistEnabled","line":93,"loc":{"start":{"line":93,"column":4},"end":{"line":95,"column":4}}},"6":{"name":"addToBlacklist","line":99,"loc":{"start":{"line":99,"column":4},"end":{"line":101,"column":4}}},"7":{"name":"removeFromBlacklist","line":107,"loc":{"start":{"line":105,"column":4},"end":{"line":110,"column":4}}}},"statementMap":{"1":{"start":{"line":35,"column":8},"end":{"line":35,"column":35}},"2":{"start":{"line":36,"column":8},"end":{"line":36,"column":57}},"3":{"start":{"line":44,"column":8},"end":{"line":44,"column":60}},"4":{"start":{"line":47,"column":8},"end":{"line":47,"column":67}},"5":{"start":{"line":50,"column":8},"end":{"line":50,"column":45}},"6":{"start":{"line":53,"column":8},"end":{"line":53,"column":62}},"7":{"start":{"line":61,"column":8},"end":{"line":61,"column":66}},"8":{"start":{"line":64,"column":8},"end":{"line":64,"column":65}},"9":{"start":{"line":67,"column":8},"end":{"line":67,"column":49}},"10":{"start":{"line":70,"column":8},"end":{"line":70,"column":69}},"11":{"start":{"line":83,"column":8},"end":{"line":83,"column":3247}},"12":{"start":{"line":84,"column":12},"end":{"line":84,"column":23}},"13":{"start":{"line":88,"column":8},"end":{"line":88,"column":73}},"14":{"start":{"line":94,"column":8},"end":{"line":94,"column":36}},"15":{"start":{"line":100,"column":8},"end":{"line":100,"column":36}},"16":{"start":{"line":109,"column":8},"end":{"line":109,"column":44}}},"branchMap":{"1":{"line":44,"type":"if","locations":[{"start":{"line":44,"column":8},"end":{"line":44,"column":8}},{"start":{"line":44,"column":8},"end":{"line":44,"column":8}}]},"2":{"line":47,"type":"if","locations":[{"start":{"line":47,"column":8},"end":{"line":47,"column":8}},{"start":{"line":47,"column":8},"end":{"line":47,"column":8}}]},"3":{"line":61,"type":"if","locations":[{"start":{"line":61,"column":8},"end":{"line":61,"column":8}},{"start":{"line":61,"column":8},"end":{"line":61,"column":8}}]},"4":{"line":64,"type":"if","locations":[{"start":{"line":64,"column":8},"end":{"line":64,"column":8}},{"start":{"line":64,"column":8},"end":{"line":64,"column":8}}]},"5":{"line":83,"type":"if","locations":[{"start":{"line":83,"column":8},"end":{"line":83,"column":8}},{"start":{"line":83,"column":8},"end":{"line":83,"column":8}}]}}},"contracts/capabilities/Burnable.sol":{"l":{"25":2,"26":2,"27":2,"38":2},"path":"/Users/eugene/Documents/wrapped/contracts/capabilities/Burnable.sol","s":{"1":2,"2":2,"3":2,"4":2},"b":{},"f":{"1":2,"2":2},"fnMap":{"1":{"name":"_burn","line":20,"loc":{"start":{"line":20,"column":4},"end":{"line":28,"column":4}}},"2":{"name":"burn","line":35,"loc":{"start":{"line":33,"column":4},"end":{"line":39,"column":4}}}},"statementMap":{"1":{"start":{"line":25,"column":8},"end":{"line":25,"column":43}},"2":{"start":{"line":26,"column":8},"end":{"line":26,"column":39}},"3":{"start":{"line":27,"column":8},"end":{"line":27,"column":19}},"4":{"start":{"line":38,"column":8},"end":{"line":38,"column":49}}},"branchMap":{}},"contracts/capabilities/Mintable.sol":{"l":{"38":113,"43":113,"44":113,"45":113,"52":108,"59":108,"71":5,"77":1,"83":0,"89":0,"101":15,"103":14,"124":13,"126":13,"127":13,"129":11,"134":7,"135":7,"140":5,"141":5,"146":5,"148":3},"path":"/Users/eugene/Documents/wrapped/contracts/capabilities/Mintable.sol","s":{"1":113,"2":113,"3":113,"4":113,"5":108,"6":108,"7":5,"8":1,"9":0,"10":0,"11":15,"12":14,"13":13,"14":13,"15":13,"16":11,"17":7,"18":7,"19":5,"20":5,"21":5,"22":3},"b":{"1":[113,0],"2":[14,1],"3":[13,0],"4":[7,4],"5":[5,2]},"f":{"1":113,"2":108,"3":108,"4":5,"5":1,"6":0,"7":0,"8":15,"9":13},"fnMap":{"1":{"name":"_mint","line":33,"loc":{"start":{"line":33,"column":4},"end":{"line":46,"column":4}}},"2":{"name":"_setFlashMintEnabled","line":51,"loc":{"start":{"line":51,"column":4},"end":{"line":53,"column":4}}},"3":{"name":"_setFlashMintFeeReceiver","line":58,"loc":{"start":{"line":58,"column":4},"end":{"line":60,"column":4}}},"4":{"name":"mint","line":68,"loc":{"start":{"line":65,"column":4},"end":{"line":72,"column":4}}},"5":{"name":"setFlashMintFee","line":76,"loc":{"start":{"line":76,"column":4},"end":{"line":78,"column":4}}},"6":{"name":"setFlashMintEnabled","line":82,"loc":{"start":{"line":82,"column":4},"end":{"line":84,"column":4}}},"7":{"name":"setFlashMintFeeReceiver","line":88,"loc":{"start":{"line":88,"column":4},"end":{"line":90,"column":4}}},"8":{"name":"flashFee","line":95,"loc":{"start":{"line":95,"column":4},"end":{"line":104,"column":4}}},"9":{"name":"flashLoan","line":123,"loc":{"start":{"line":118,"column":4},"end":{"line":149,"column":4}}}},"statementMap":{"1":{"start":{"line":38,"column":8},"end":{"line":38,"column":1308}},"2":{"start":{"line":43,"column":8},"end":{"line":43,"column":41}},"3":{"start":{"line":44,"column":8},"end":{"line":44,"column":37}},"4":{"start":{"line":45,"column":8},"end":{"line":45,"column":19}},"5":{"start":{"line":52,"column":8},"end":{"line":52,"column":35}},"6":{"start":{"line":59,"column":8},"end":{"line":59,"column":38}},"7":{"start":{"line":71,"column":8},"end":{"line":71,"column":58}},"8":{"start":{"line":77,"column":8},"end":{"line":77,"column":25}},"9":{"start":{"line":83,"column":8},"end":{"line":83,"column":36}},"10":{"start":{"line":89,"column":8},"end":{"line":89,"column":41}},"11":{"start":{"line":101,"column":8},"end":{"line":101,"column":69}},"12":{"start":{"line":103,"column":8},"end":{"line":103,"column":27}},"13":{"start":{"line":124,"column":8},"end":{"line":124,"column":60}},"14":{"start":{"line":126,"column":8},"end":{"line":126,"column":45}},"15":{"start":{"line":127,"column":8},"end":{"line":127,"column":39}},"16":{"start":{"line":129,"column":8},"end":{"line":129,"column":4944}},"17":{"start":{"line":134,"column":8},"end":{"line":134,"column":78}},"18":{"start":{"line":135,"column":8},"end":{"line":135,"column":5208}},"19":{"start":{"line":140,"column":8},"end":{"line":140,"column":62}},"20":{"start":{"line":141,"column":8},"end":{"line":141,"column":5410}},"21":{"start":{"line":146,"column":8},"end":{"line":146,"column":39}},"22":{"start":{"line":148,"column":8},"end":{"line":148,"column":19}}},"branchMap":{"1":{"line":38,"type":"if","locations":[{"start":{"line":38,"column":8},"end":{"line":38,"column":8}},{"start":{"line":38,"column":8},"end":{"line":38,"column":8}}]},"2":{"line":101,"type":"if","locations":[{"start":{"line":101,"column":8},"end":{"line":101,"column":8}},{"start":{"line":101,"column":8},"end":{"line":101,"column":8}}]},"3":{"line":124,"type":"if","locations":[{"start":{"line":124,"column":8},"end":{"line":124,"column":8}},{"start":{"line":124,"column":8},"end":{"line":124,"column":8}}]},"4":{"line":129,"type":"if","locations":[{"start":{"line":129,"column":8},"end":{"line":129,"column":8}},{"start":{"line":129,"column":8},"end":{"line":129,"column":8}}]},"5":{"line":135,"type":"if","locations":[{"start":{"line":135,"column":8},"end":{"line":135,"column":8}},{"start":{"line":135,"column":8},"end":{"line":135,"column":8}}]}}},"contracts/capabilities/Pausable.sol":{"l":{"22":68,"27":8,"28":6,"33":4,"34":2,"40":6,"41":6,"47":2,"48":2,"53":6,"58":2},"path":"/Users/eugene/Documents/wrapped/contracts/capabilities/Pausable.sol","s":{"1":68,"2":8,"3":4,"4":6,"5":6,"6":2,"7":2,"8":6,"9":2},"b":{"1":[6,2],"2":[2,2]},"f":{"1":68,"2":8,"3":4,"4":6,"5":2,"6":6,"7":2},"fnMap":{"1":{"name":"paused","line":21,"loc":{"start":{"line":21,"column":4},"end":{"line":23,"column":4}}},"2":{"name":"whenNotPaused","line":26,"loc":{"start":{"line":26,"column":4},"end":{"line":29,"column":4}}},"3":{"name":"whenPaused","line":32,"loc":{"start":{"line":32,"column":4},"end":{"line":35,"column":4}}},"4":{"name":"_pause","line":39,"loc":{"start":{"line":39,"column":4},"end":{"line":42,"column":4}}},"5":{"name":"_unpause","line":46,"loc":{"start":{"line":46,"column":4},"end":{"line":49,"column":4}}},"6":{"name":"pause","line":52,"loc":{"start":{"line":52,"column":4},"end":{"line":54,"column":4}}},"7":{"name":"unpause","line":57,"loc":{"start":{"line":57,"column":4},"end":{"line":59,"column":4}}}},"statementMap":{"1":{"start":{"line":22,"column":8},"end":{"line":22,"column":22}},"2":{"start":{"line":27,"column":8},"end":{"line":27,"column":44}},"3":{"start":{"line":33,"column":8},"end":{"line":33,"column":47}},"4":{"start":{"line":40,"column":8},"end":{"line":40,"column":21}},"5":{"start":{"line":41,"column":8},"end":{"line":41,"column":31}},"6":{"start":{"line":47,"column":8},"end":{"line":47,"column":22}},"7":{"start":{"line":48,"column":8},"end":{"line":48,"column":33}},"8":{"start":{"line":53,"column":8},"end":{"line":53,"column":24}},"9":{"start":{"line":58,"column":8},"end":{"line":58,"column":26}}},"branchMap":{"1":{"line":27,"type":"if","locations":[{"start":{"line":27,"column":8},"end":{"line":27,"column":8}},{"start":{"line":27,"column":8},"end":{"line":27,"column":8}}]},"2":{"line":33,"type":"if","locations":[{"start":{"line":33,"column":8},"end":{"line":33,"column":8}},{"start":{"line":33,"column":8},"end":{"line":33,"column":8}}]}}},"contracts/capabilities/Proxiable.sol":{"l":{"13":6,"18":4,"23":4,"27":1,"34":4},"path":"/Users/eugene/Documents/wrapped/contracts/capabilities/Proxiable.sol","s":{"1":6,"2":4,"3":4},"b":{"1":[4,2]},"f":{"1":6,"2":1,"3":4},"fnMap":{"1":{"name":"_updateCodeAddress","line":12,"loc":{"start":{"line":12,"column":4},"end":{"line":24,"column":4}}},"2":{"name":"getLogicAddress","line":26,"loc":{"start":{"line":26,"column":4},"end":{"line":31,"column":4}}},"3":{"name":"proxiableUUID","line":33,"loc":{"start":{"line":33,"column":4},"end":{"line":35,"column":4}}}},"statementMap":{"1":{"start":{"line":13,"column":8},"end":{"line":13,"column":458}},"2":{"start":{"line":23,"column":8},"end":{"line":23,"column":43}},"3":{"start":{"line":34,"column":8},"end":{"line":34,"column":42}}},"branchMap":{"1":{"line":13,"type":"if","locations":[{"start":{"line":13,"column":8},"end":{"line":13,"column":8}},{"start":{"line":13,"column":8},"end":{"line":13,"column":8}}]}}},"contracts/capabilities/Revocable.sol":{"l":{"20":2,"21":2,"22":2,"33":2},"path":"/Users/eugene/Documents/wrapped/contracts/capabilities/Revocable.sol","s":{"1":2,"2":2,"3":2,"4":2},"b":{},"f":{"1":2,"2":2},"fnMap":{"1":{"name":"_revoke","line":19,"loc":{"start":{"line":19,"column":4},"end":{"line":23,"column":4}}},"2":{"name":"revoke","line":30,"loc":{"start":{"line":28,"column":4},"end":{"line":34,"column":4}}}},"statementMap":{"1":{"start":{"line":20,"column":8},"end":{"line":20,"column":59}},"2":{"start":{"line":21,"column":8},"end":{"line":21,"column":45}},"3":{"start":{"line":22,"column":8},"end":{"line":22,"column":19}},"4":{"start":{"line":33,"column":8},"end":{"line":33,"column":36}}},"branchMap":{}},"contracts/capabilities/RevocableToAddress.sol":{"l":{"30":2,"31":2,"32":2,"48":2},"path":"/Users/eugene/Documents/wrapped/contracts/capabilities/RevocableToAddress.sol","s":{"1":2,"2":2,"3":2,"4":2},"b":{},"f":{"1":2,"2":2},"fnMap":{"1":{"name":"_revokeToAddress","line":25,"loc":{"start":{"line":25,"column":4},"end":{"line":33,"column":4}}},"2":{"name":"revokeToAddress","line":47,"loc":{"start":{"line":43,"column":4},"end":{"line":49,"column":4}}}},"statementMap":{"1":{"start":{"line":30,"column":8},"end":{"line":30,"column":51}},"2":{"start":{"line":31,"column":8},"end":{"line":31,"column":58}},"3":{"start":{"line":32,"column":8},"end":{"line":32,"column":19}},"4":{"start":{"line":48,"column":8},"end":{"line":48,"column":49}}},"branchMap":{}},"contracts/capabilities/Whitelistable.sol":{"l":{"53":110,"54":110,"64":29,"70":27,"73":25,"76":25,"79":25,"81":5,"89":25,"97":11,"103":9,"106":9,"112":7,"115":7,"133":15,"138":15,"143":15,"162":50,"163":3,"167":47,"168":47,"171":47,"174":29,"178":18,"184":2,"196":29,"205":11,"218":15},"path":"/Users/eugene/Documents/wrapped/contracts/capabilities/Whitelistable.sol","s":{"1":110,"2":110,"3":29,"4":27,"5":25,"6":25,"7":25,"8":5,"9":25,"10":11,"11":9,"12":9,"13":7,"14":7,"15":15,"16":15,"17":15,"18":50,"19":3,"20":47,"21":47,"22":47,"23":29,"24":18,"25":2,"26":29,"27":11,"28":15},"b":{"1":[27,2],"2":[25,2],"3":[5,20],"4":[9,2],"5":[7,2],"6":[3,47],"7":[29,18]},"f":{"1":110,"2":29,"3":11,"4":15,"5":50,"6":2,"7":29,"8":11,"9":15},"fnMap":{"1":{"name":"_setWhitelistEnabled","line":52,"loc":{"start":{"line":52,"column":4},"end":{"line":55,"column":4}}},"2":{"name":"_addToWhitelist","line":62,"loc":{"start":{"line":62,"column":4},"end":{"line":90,"column":4}}},"3":{"name":"_removeFromWhitelist","line":95,"loc":{"start":{"line":95,"column":4},"end":{"line":120,"column":4}}},"4":{"name":"_updateOutboundWhitelistEnabled","line":127,"loc":{"start":{"line":127,"column":4},"end":{"line":150,"column":4}}},"5":{"name":"checkWhitelistAllowed","line":156,"loc":{"start":{"line":156,"column":4},"end":{"line":179,"column":4}}},"6":{"name":"setWhitelistEnabled","line":183,"loc":{"start":{"line":183,"column":4},"end":{"line":185,"column":4}}},"7":{"name":"addToWhitelist","line":194,"loc":{"start":{"line":192,"column":4},"end":{"line":197,"column":4}}},"8":{"name":"removeFromWhitelist","line":203,"loc":{"start":{"line":201,"column":4},"end":{"line":206,"column":4}}},"9":{"name":"updateOutboundWhitelistEnabled","line":217,"loc":{"start":{"line":213,"column":4},"end":{"line":223,"column":4}}}},"statementMap":{"1":{"start":{"line":53,"column":8},"end":{"line":53,"column":35}},"2":{"start":{"line":54,"column":8},"end":{"line":54,"column":57}},"3":{"start":{"line":64,"column":8},"end":{"line":64,"column":2583}},"4":{"start":{"line":70,"column":8},"end":{"line":70,"column":74}},"5":{"start":{"line":73,"column":8},"end":{"line":73,"column":65}},"6":{"start":{"line":76,"column":8},"end":{"line":76,"column":50}},"7":{"start":{"line":79,"column":8},"end":{"line":79,"column":3123}},"8":{"start":{"line":81,"column":12},"end":{"line":81,"column":3224}},"9":{"start":{"line":89,"column":8},"end":{"line":89,"column":73}},"10":{"start":{"line":97,"column":8},"end":{"line":97,"column":3812}},"11":{"start":{"line":103,"column":8},"end":{"line":103,"column":68}},"12":{"start":{"line":106,"column":8},"end":{"line":106,"column":4115}},"13":{"start":{"line":112,"column":8},"end":{"line":112,"column":56}},"14":{"start":{"line":115,"column":8},"end":{"line":115,"column":4399}},"15":{"start":{"line":133,"column":8},"end":{"line":133,"column":5136}},"16":{"start":{"line":138,"column":8},"end":{"line":138,"column":5308}},"17":{"start":{"line":143,"column":8},"end":{"line":143,"column":5441}},"18":{"start":{"line":162,"column":8},"end":{"line":162,"column":6111}},"19":{"start":{"line":163,"column":12},"end":{"line":163,"column":23}},"20":{"start":{"line":167,"column":8},"end":{"line":167,"column":57}},"21":{"start":{"line":168,"column":8},"end":{"line":168,"column":61}},"22":{"start":{"line":171,"column":8},"end":{"line":171,"column":6429}},"23":{"start":{"line":174,"column":12},"end":{"line":174,"column":24}},"24":{"start":{"line":178,"column":8},"end":{"line":178,"column":76}},"25":{"start":{"line":184,"column":8},"end":{"line":184,"column":36}},"26":{"start":{"line":196,"column":8},"end":{"line":196,"column":47}},"27":{"start":{"line":205,"column":8},"end":{"line":205,"column":44}},"28":{"start":{"line":218,"column":8},"end":{"line":218,"column":8380}}},"branchMap":{"1":{"line":64,"type":"if","locations":[{"start":{"line":64,"column":8},"end":{"line":64,"column":8}},{"start":{"line":64,"column":8},"end":{"line":64,"column":8}}]},"2":{"line":70,"type":"if","locations":[{"start":{"line":70,"column":8},"end":{"line":70,"column":8}},{"start":{"line":70,"column":8},"end":{"line":70,"column":8}}]},"3":{"line":79,"type":"if","locations":[{"start":{"line":79,"column":8},"end":{"line":79,"column":8}},{"start":{"line":79,"column":8},"end":{"line":79,"column":8}}]},"4":{"line":97,"type":"if","locations":[{"start":{"line":97,"column":8},"end":{"line":97,"column":8}},{"start":{"line":97,"column":8},"end":{"line":97,"column":8}}]},"5":{"line":106,"type":"if","locations":[{"start":{"line":106,"column":8},"end":{"line":106,"column":8}},{"start":{"line":106,"column":8},"end":{"line":106,"column":8}}]},"6":{"line":162,"type":"if","locations":[{"start":{"line":162,"column":8},"end":{"line":162,"column":8}},{"start":{"line":162,"column":8},"end":{"line":162,"column":8}}]},"7":{"line":171,"type":"if","locations":[{"start":{"line":171,"column":8},"end":{"line":171,"column":8}},{"start":{"line":171,"column":8},"end":{"line":171,"column":8}}]}}},"contracts/ERC1404.sol":{"l":{},"path":"/Users/eugene/Documents/wrapped/contracts/ERC1404.sol","s":{},"b":{},"f":{},"fnMap":{},"statementMap":{},"branchMap":{}},"contracts/Proxy.sol":{"l":{"13":110,"16":108,"23":670},"path":"/Users/eugene/Documents/wrapped/contracts/Proxy.sol","s":{"1":110},"b":{"1":[108,2]},"f":{"1":110,"2":670},"fnMap":{"1":{"name":"constructor","line":11,"loc":{"start":{"line":11,"column":4},"end":{"line":20,"column":4}}},"2":{"name":null,"line":22,"loc":{"start":{"line":22,"column":4},"end":{"line":46,"column":4}}}},"statementMap":{"1":{"start":{"line":13,"column":8},"end":{"line":13,"column":75}}},"branchMap":{"1":{"line":13,"type":"if","locations":[{"start":{"line":13,"column":8},"end":{"line":13,"column":8}},{"start":{"line":13,"column":8},"end":{"line":13,"column":8}}]}}},"contracts/roles/BlacklisterRole.sol":{"l":{"24":28,"25":22,"30":33,"37":12,"38":12,"45":5,"46":5,"52":12,"58":5},"path":"/Users/eugene/Documents/wrapped/contracts/roles/BlacklisterRole.sol","s":{"1":28,"2":33,"3":12,"4":12,"5":5,"6":5,"7":12,"8":5},"b":{"1":[22,6]},"f":{"1":28,"2":33,"3":12,"4":5,"5":12,"6":5},"fnMap":{"1":{"name":"onlyBlacklister","line":23,"loc":{"start":{"line":23,"column":4},"end":{"line":26,"column":4}}},"2":{"name":"isBlacklister","line":29,"loc":{"start":{"line":29,"column":4},"end":{"line":31,"column":4}}},"3":{"name":"_addBlacklister","line":36,"loc":{"start":{"line":36,"column":4},"end":{"line":39,"column":4}}},"4":{"name":"_removeBlacklister","line":44,"loc":{"start":{"line":44,"column":4},"end":{"line":47,"column":4}}},"5":{"name":"addBlacklister","line":51,"loc":{"start":{"line":51,"column":4},"end":{"line":53,"column":4}}},"6":{"name":"removeBlacklister","line":57,"loc":{"start":{"line":57,"column":4},"end":{"line":59,"column":4}}}},"statementMap":{"1":{"start":{"line":24,"column":8},"end":{"line":24,"column":68}},"2":{"start":{"line":30,"column":8},"end":{"line":30,"column":43}},"3":{"start":{"line":37,"column":8},"end":{"line":37,"column":35}},"4":{"start":{"line":38,"column":8},"end":{"line":38,"column":50}},"5":{"start":{"line":45,"column":8},"end":{"line":45,"column":38}},"6":{"start":{"line":46,"column":8},"end":{"line":46,"column":52}},"7":{"start":{"line":52,"column":8},"end":{"line":52,"column":31}},"8":{"start":{"line":58,"column":8},"end":{"line":58,"column":34}}},"branchMap":{"1":{"line":24,"type":"if","locations":[{"start":{"line":24,"column":8},"end":{"line":24,"column":8}},{"start":{"line":24,"column":8},"end":{"line":24,"column":8}}]}}},"contracts/roles/BurnerRole.sol":{"l":{"21":8,"25":2,"30":13,"37":7,"38":7,"45":4,"46":4,"52":7,"58":4},"path":"/Users/eugene/Documents/wrapped/contracts/roles/BurnerRole.sol","s":{"1":8,"2":13,"3":7,"4":7,"5":4,"6":4,"7":7,"8":4},"b":{"1":[2,6]},"f":{"1":8,"2":13,"3":7,"4":4,"5":7,"6":4},"fnMap":{"1":{"name":"onlyBurner","line":20,"loc":{"start":{"line":20,"column":4},"end":{"line":26,"column":4}}},"2":{"name":"isBurner","line":29,"loc":{"start":{"line":29,"column":4},"end":{"line":31,"column":4}}},"3":{"name":"_addBurner","line":36,"loc":{"start":{"line":36,"column":4},"end":{"line":39,"column":4}}},"4":{"name":"_removeBurner","line":44,"loc":{"start":{"line":44,"column":4},"end":{"line":47,"column":4}}},"5":{"name":"addBurner","line":51,"loc":{"start":{"line":51,"column":4},"end":{"line":53,"column":4}}},"6":{"name":"removeBurner","line":57,"loc":{"start":{"line":57,"column":4},"end":{"line":59,"column":4}}}},"statementMap":{"1":{"start":{"line":21,"column":8},"end":{"line":21,"column":624}},"2":{"start":{"line":30,"column":8},"end":{"line":30,"column":38}},"3":{"start":{"line":37,"column":8},"end":{"line":37,"column":30}},"4":{"start":{"line":38,"column":8},"end":{"line":38,"column":45}},"5":{"start":{"line":45,"column":8},"end":{"line":45,"column":33}},"6":{"start":{"line":46,"column":8},"end":{"line":46,"column":47}},"7":{"start":{"line":52,"column":8},"end":{"line":52,"column":26}},"8":{"start":{"line":58,"column":8},"end":{"line":58,"column":29}}},"branchMap":{"1":{"line":21,"type":"if","locations":[{"start":{"line":21,"column":8},"end":{"line":21,"column":8}},{"start":{"line":21,"column":8},"end":{"line":21,"column":8}}]}}},"contracts/roles/MinterRole.sol":{"l":{"21":19,"25":17,"30":24,"37":11,"38":11,"45":4,"46":4,"52":11,"58":4},"path":"/Users/eugene/Documents/wrapped/contracts/roles/MinterRole.sol","s":{"1":19,"2":24,"3":11,"4":11,"5":4,"6":4,"7":11,"8":4},"b":{"1":[17,2]},"f":{"1":19,"2":24,"3":11,"4":4,"5":11,"6":4},"fnMap":{"1":{"name":"onlyMinter","line":20,"loc":{"start":{"line":20,"column":4},"end":{"line":26,"column":4}}},"2":{"name":"isMinter","line":29,"loc":{"start":{"line":29,"column":4},"end":{"line":31,"column":4}}},"3":{"name":"_addMinter","line":36,"loc":{"start":{"line":36,"column":4},"end":{"line":39,"column":4}}},"4":{"name":"_removeMinter","line":44,"loc":{"start":{"line":44,"column":4},"end":{"line":47,"column":4}}},"5":{"name":"addMinter","line":51,"loc":{"start":{"line":51,"column":4},"end":{"line":53,"column":4}}},"6":{"name":"removeMinter","line":57,"loc":{"start":{"line":57,"column":4},"end":{"line":59,"column":4}}}},"statementMap":{"1":{"start":{"line":21,"column":8},"end":{"line":21,"column":624}},"2":{"start":{"line":30,"column":8},"end":{"line":30,"column":38}},"3":{"start":{"line":37,"column":8},"end":{"line":37,"column":30}},"4":{"start":{"line":38,"column":8},"end":{"line":38,"column":45}},"5":{"start":{"line":45,"column":8},"end":{"line":45,"column":33}},"6":{"start":{"line":46,"column":8},"end":{"line":46,"column":47}},"7":{"start":{"line":52,"column":8},"end":{"line":52,"column":26}},"8":{"start":{"line":58,"column":8},"end":{"line":58,"column":29}}},"branchMap":{"1":{"line":21,"type":"if","locations":[{"start":{"line":21,"column":8},"end":{"line":21,"column":8}},{"start":{"line":21,"column":8},"end":{"line":21,"column":8}}]}}},"contracts/roles/OwnerRole.sol":{"l":{"20":169,"24":135,"29":233,"35":6,"41":4,"48":114,"49":112,"56":4,"57":4,"65":189,"66":187,"67":187,"75":30,"76":30,"88":631,"89":631},"path":"/Users/eugene/Documents/wrapped/contracts/roles/OwnerRole.sol","s":{"1":169,"2":233,"3":6,"4":4,"5":114,"6":112,"7":4,"8":4,"9":189,"10":187,"11":187,"12":30,"13":30,"14":631,"15":631},"b":{"1":[135,34],"2":[187,2],"3":[187,0],"4":[30,0],"5":[631,0]},"f":{"1":169,"2":233,"3":6,"4":4,"5":114,"6":4,"7":189,"8":30,"9":631},"fnMap":{"1":{"name":"onlyOwner","line":19,"loc":{"start":{"line":19,"column":4},"end":{"line":25,"column":4}}},"2":{"name":"isOwner","line":28,"loc":{"start":{"line":28,"column":4},"end":{"line":30,"column":4}}},"3":{"name":"addOwner","line":34,"loc":{"start":{"line":34,"column":4},"end":{"line":36,"column":4}}},"4":{"name":"removeOwner","line":40,"loc":{"start":{"line":40,"column":4},"end":{"line":42,"column":4}}},"5":{"name":"_addOwner","line":47,"loc":{"start":{"line":47,"column":4},"end":{"line":50,"column":4}}},"6":{"name":"_removeOwner","line":55,"loc":{"start":{"line":55,"column":4},"end":{"line":58,"column":4}}},"7":{"name":"_add","line":64,"loc":{"start":{"line":64,"column":4},"end":{"line":68,"column":4}}},"8":{"name":"_remove","line":74,"loc":{"start":{"line":74,"column":4},"end":{"line":77,"column":4}}},"9":{"name":"_has","line":83,"loc":{"start":{"line":83,"column":4},"end":{"line":90,"column":4}}}},"statementMap":{"1":{"start":{"line":20,"column":8},"end":{"line":20,"column":619}},"2":{"start":{"line":29,"column":8},"end":{"line":29,"column":37}},"3":{"start":{"line":35,"column":8},"end":{"line":35,"column":25}},"4":{"start":{"line":41,"column":8},"end":{"line":41,"column":28}},"5":{"start":{"line":48,"column":8},"end":{"line":48,"column":29}},"6":{"start":{"line":49,"column":8},"end":{"line":49,"column":44}},"7":{"start":{"line":56,"column":8},"end":{"line":56,"column":32}},"8":{"start":{"line":57,"column":8},"end":{"line":57,"column":46}},"9":{"start":{"line":65,"column":8},"end":{"line":65,"column":62}},"10":{"start":{"line":66,"column":8},"end":{"line":66,"column":71}},"11":{"start":{"line":67,"column":8},"end":{"line":67,"column":35}},"12":{"start":{"line":75,"column":8},"end":{"line":75,"column":72}},"13":{"start":{"line":76,"column":8},"end":{"line":76,"column":36}},"14":{"start":{"line":88,"column":8},"end":{"line":88,"column":75}},"15":{"start":{"line":89,"column":8},"end":{"line":89,"column":36}}},"branchMap":{"1":{"line":20,"type":"if","locations":[{"start":{"line":20,"column":8},"end":{"line":20,"column":8}},{"start":{"line":20,"column":8},"end":{"line":20,"column":8}}]},"2":{"line":65,"type":"if","locations":[{"start":{"line":65,"column":8},"end":{"line":65,"column":8}},{"start":{"line":65,"column":8},"end":{"line":65,"column":8}}]},"3":{"line":66,"type":"if","locations":[{"start":{"line":66,"column":8},"end":{"line":66,"column":8}},{"start":{"line":66,"column":8},"end":{"line":66,"column":8}}]},"4":{"line":75,"type":"if","locations":[{"start":{"line":75,"column":8},"end":{"line":75,"column":8}},{"start":{"line":75,"column":8},"end":{"line":75,"column":8}}]},"5":{"line":88,"type":"if","locations":[{"start":{"line":88,"column":8},"end":{"line":88,"column":8}},{"start":{"line":88,"column":8},"end":{"line":88,"column":8}}]}}},"contracts/roles/PauserRole.sol":{"l":{"21":18,"25":12,"30":23,"37":11,"38":11,"45":4,"46":4,"52":11,"58":4},"path":"/Users/eugene/Documents/wrapped/contracts/roles/PauserRole.sol","s":{"1":18,"2":23,"3":11,"4":11,"5":4,"6":4,"7":11,"8":4},"b":{"1":[12,6]},"f":{"1":18,"2":23,"3":11,"4":4,"5":11,"6":4},"fnMap":{"1":{"name":"onlyPauser","line":20,"loc":{"start":{"line":20,"column":4},"end":{"line":26,"column":4}}},"2":{"name":"isPauser","line":29,"loc":{"start":{"line":29,"column":4},"end":{"line":31,"column":4}}},"3":{"name":"_addPauser","line":36,"loc":{"start":{"line":36,"column":4},"end":{"line":39,"column":4}}},"4":{"name":"_removePauser","line":44,"loc":{"start":{"line":44,"column":4},"end":{"line":47,"column":4}}},"5":{"name":"addPauser","line":51,"loc":{"start":{"line":51,"column":4},"end":{"line":53,"column":4}}},"6":{"name":"removePauser","line":57,"loc":{"start":{"line":57,"column":4},"end":{"line":59,"column":4}}}},"statementMap":{"1":{"start":{"line":21,"column":8},"end":{"line":21,"column":624}},"2":{"start":{"line":30,"column":8},"end":{"line":30,"column":38}},"3":{"start":{"line":37,"column":8},"end":{"line":37,"column":30}},"4":{"start":{"line":38,"column":8},"end":{"line":38,"column":45}},"5":{"start":{"line":45,"column":8},"end":{"line":45,"column":33}},"6":{"start":{"line":46,"column":8},"end":{"line":46,"column":47}},"7":{"start":{"line":52,"column":8},"end":{"line":52,"column":26}},"8":{"start":{"line":58,"column":8},"end":{"line":58,"column":29}}},"branchMap":{"1":{"line":21,"type":"if","locations":[{"start":{"line":21,"column":8},"end":{"line":21,"column":8}},{"start":{"line":21,"column":8},"end":{"line":21,"column":8}}]}}},"contracts/roles/RevokerRole.sol":{"l":{"21":16,"25":4,"30":21,"37":9,"38":9,"45":4,"46":4,"52":9,"58":4},"path":"/Users/eugene/Documents/wrapped/contracts/roles/RevokerRole.sol","s":{"1":16,"2":21,"3":9,"4":9,"5":4,"6":4,"7":9,"8":4},"b":{"1":[4,12]},"f":{"1":16,"2":21,"3":9,"4":4,"5":9,"6":4},"fnMap":{"1":{"name":"onlyRevoker","line":20,"loc":{"start":{"line":20,"column":4},"end":{"line":26,"column":4}}},"2":{"name":"isRevoker","line":29,"loc":{"start":{"line":29,"column":4},"end":{"line":31,"column":4}}},"3":{"name":"_addRevoker","line":36,"loc":{"start":{"line":36,"column":4},"end":{"line":39,"column":4}}},"4":{"name":"_removeRevoker","line":44,"loc":{"start":{"line":44,"column":4},"end":{"line":47,"column":4}}},"5":{"name":"addRevoker","line":51,"loc":{"start":{"line":51,"column":4},"end":{"line":53,"column":4}}},"6":{"name":"removeRevoker","line":57,"loc":{"start":{"line":57,"column":4},"end":{"line":59,"column":4}}}},"statementMap":{"1":{"start":{"line":21,"column":8},"end":{"line":21,"column":635}},"2":{"start":{"line":30,"column":8},"end":{"line":30,"column":39}},"3":{"start":{"line":37,"column":8},"end":{"line":37,"column":31}},"4":{"start":{"line":38,"column":8},"end":{"line":38,"column":46}},"5":{"start":{"line":45,"column":8},"end":{"line":45,"column":34}},"6":{"start":{"line":46,"column":8},"end":{"line":46,"column":48}},"7":{"start":{"line":52,"column":8},"end":{"line":52,"column":27}},"8":{"start":{"line":58,"column":8},"end":{"line":58,"column":30}}},"branchMap":{"1":{"line":21,"type":"if","locations":[{"start":{"line":21,"column":8},"end":{"line":21,"column":8}},{"start":{"line":21,"column":8},"end":{"line":21,"column":8}}]}}},"contracts/roles/WhitelisterRole.sol":{"l":{"24":61,"28":55,"33":66,"40":24,"41":24,"48":5,"49":5,"55":24,"61":5},"path":"/Users/eugene/Documents/wrapped/contracts/roles/WhitelisterRole.sol","s":{"1":61,"2":66,"3":24,"4":24,"5":5,"6":5,"7":24,"8":5},"b":{"1":[55,6]},"f":{"1":61,"2":66,"3":24,"4":5,"5":24,"6":5},"fnMap":{"1":{"name":"onlyWhitelister","line":23,"loc":{"start":{"line":23,"column":4},"end":{"line":29,"column":4}}},"2":{"name":"isWhitelister","line":32,"loc":{"start":{"line":32,"column":4},"end":{"line":34,"column":4}}},"3":{"name":"_addWhitelister","line":39,"loc":{"start":{"line":39,"column":4},"end":{"line":42,"column":4}}},"4":{"name":"_removeWhitelister","line":47,"loc":{"start":{"line":47,"column":4},"end":{"line":50,"column":4}}},"5":{"name":"addWhitelister","line":54,"loc":{"start":{"line":54,"column":4},"end":{"line":56,"column":4}}},"6":{"name":"removeWhitelister","line":60,"loc":{"start":{"line":60,"column":4},"end":{"line":62,"column":4}}}},"statementMap":{"1":{"start":{"line":24,"column":8},"end":{"line":24,"column":704}},"2":{"start":{"line":33,"column":8},"end":{"line":33,"column":43}},"3":{"start":{"line":40,"column":8},"end":{"line":40,"column":35}},"4":{"start":{"line":41,"column":8},"end":{"line":41,"column":50}},"5":{"start":{"line":48,"column":8},"end":{"line":48,"column":38}},"6":{"start":{"line":49,"column":8},"end":{"line":49,"column":52}},"7":{"start":{"line":55,"column":8},"end":{"line":55,"column":31}},"8":{"start":{"line":61,"column":8},"end":{"line":61,"column":34}}},"branchMap":{"1":{"line":24,"type":"if","locations":[{"start":{"line":24,"column":8},"end":{"line":24,"column":8}},{"start":{"line":24,"column":8},"end":{"line":24,"column":8}}]}}},"contracts/testing/ERC20Mock.sol":{"l":{"12":1,"13":1,"17":0,"21":9,"28":2,"33":2,"34":2,"36":2,"43":0,"45":0,"53":0,"54":0,"56":0,"57":0,"58":0,"60":0},"path":"/Users/eugene/Documents/wrapped/contracts/testing/ERC20Mock.sol","s":{"1":1,"2":1,"3":0,"4":9,"5":2,"6":2,"7":2,"8":2,"9":0,"10":0,"11":0,"12":0,"13":0,"14":0,"15":0,"16":0},"b":{"1":[2,0],"2":[0,0],"3":[0,0]},"f":{"1":1,"2":0,"3":9,"4":2,"5":0,"6":0},"fnMap":{"1":{"name":"constructor","line":11,"loc":{"start":{"line":11,"column":4},"end":{"line":14,"column":4}}},"2":{"name":"totalSupply","line":16,"loc":{"start":{"line":16,"column":4},"end":{"line":18,"column":4}}},"3":{"name":"balanceOf","line":20,"loc":{"start":{"line":20,"column":4},"end":{"line":22,"column":4}}},"4":{"name":"transfer","line":24,"loc":{"start":{"line":24,"column":4},"end":{"line":37,"column":4}}},"5":{"name":"approve","line":39,"loc":{"start":{"line":39,"column":4},"end":{"line":46,"column":4}}},"6":{"name":"transferFrom","line":48,"loc":{"start":{"line":48,"column":4},"end":{"line":61,"column":4}}}},"statementMap":{"1":{"start":{"line":12,"column":8},"end":{"line":12,"column":18}},"2":{"start":{"line":13,"column":8},"end":{"line":13,"column":33}},"3":{"start":{"line":17,"column":8},"end":{"line":17,"column":20}},"4":{"start":{"line":21,"column":8},"end":{"line":21,"column":35}},"5":{"start":{"line":28,"column":8},"end":{"line":28,"column":633}},"6":{"start":{"line":33,"column":8},"end":{"line":33,"column":62}},"7":{"start":{"line":34,"column":8},"end":{"line":34,"column":58}},"8":{"start":{"line":36,"column":8},"end":{"line":36,"column":19}},"9":{"start":{"line":43,"column":8},"end":{"line":43,"column":48}},"10":{"start":{"line":45,"column":8},"end":{"line":45,"column":19}},"11":{"start":{"line":53,"column":8},"end":{"line":53,"column":44}},"12":{"start":{"line":54,"column":8},"end":{"line":54,"column":55}},"13":{"start":{"line":56,"column":8},"end":{"line":56,"column":52}},"14":{"start":{"line":57,"column":8},"end":{"line":57,"column":74}},"15":{"start":{"line":58,"column":8},"end":{"line":58,"column":52}},"16":{"start":{"line":60,"column":8},"end":{"line":60,"column":19}}},"branchMap":{"1":{"line":28,"type":"if","locations":[{"start":{"line":28,"column":8},"end":{"line":28,"column":8}},{"start":{"line":28,"column":8},"end":{"line":28,"column":8}}]},"2":{"line":53,"type":"if","locations":[{"start":{"line":53,"column":8},"end":{"line":53,"column":8}},{"start":{"line":53,"column":8},"end":{"line":53,"column":8}}]},"3":{"line":54,"type":"if","locations":[{"start":{"line":54,"column":8},"end":{"line":54,"column":8}},{"start":{"line":54,"column":8},"end":{"line":54,"column":8}}]}}},"contracts/testing/ERC3156FlashBorrowerMock.sol":{"l":{"27":7,"34":7,"35":7,"45":9,"47":9,"52":9,"54":9,"56":2,"59":9,"60":7,"63":9,"71":7},"path":"/Users/eugene/Documents/wrapped/contracts/testing/ERC3156FlashBorrowerMock.sol","s":{"1":7,"2":7,"3":7,"4":9,"5":9,"6":9,"7":9,"8":2,"9":9,"10":7,"11":9,"12":7},"b":{"1":[9,0],"2":[2,7],"3":[7,2]},"f":{"1":7,"2":7,"3":9,"4":7},"fnMap":{"1":{"name":"__ERC3156FlashBorrowerMock_init","line":26,"loc":{"start":{"line":23,"column":4},"end":{"line":28,"column":4}}},"2":{"name":"__ERC3156FlashBorrowerMock_init_unchained","line":33,"loc":{"start":{"line":30,"column":4},"end":{"line":36,"column":4}}},"3":{"name":"onFlashLoan","line":38,"loc":{"start":{"line":38,"column":4},"end":{"line":64,"column":4}}},"4":{"name":"constructor","line":70,"loc":{"start":{"line":70,"column":4},"end":{"line":72,"column":4}}}},"statementMap":{"1":{"start":{"line":27,"column":8},"end":{"line":27,"column":77}},"2":{"start":{"line":34,"column":8},"end":{"line":34,"column":37}},"3":{"start":{"line":35,"column":8},"end":{"line":35,"column":35}},"4":{"start":{"line":45,"column":8},"end":{"line":45,"column":35}},"5":{"start":{"line":47,"column":8},"end":{"line":47,"column":1443}},"6":{"start":{"line":52,"column":8},"end":{"line":52,"column":71}},"7":{"start":{"line":54,"column":8},"end":{"line":54,"column":1659}},"8":{"start":{"line":56,"column":12},"end":{"line":56,"column":55}},"9":{"start":{"line":59,"column":8},"end":{"line":59,"column":1835}},"10":{"start":{"line":60,"column":12},"end":{"line":60,"column":64}},"11":{"start":{"line":63,"column":8},"end":{"line":63,"column":57}},"12":{"start":{"line":71,"column":8},"end":{"line":71,"column":67}}},"branchMap":{"1":{"line":45,"type":"if","locations":[{"start":{"line":45,"column":8},"end":{"line":45,"column":8}},{"start":{"line":45,"column":8},"end":{"line":45,"column":8}}]},"2":{"line":54,"type":"if","locations":[{"start":{"line":54,"column":8},"end":{"line":54,"column":8}},{"start":{"line":54,"column":8},"end":{"line":54,"column":8}}]},"3":{"line":59,"type":"if","locations":[{"start":{"line":59,"column":8},"end":{"line":59,"column":8}},{"start":{"line":59,"column":8},"end":{"line":59,"column":8}}]}}},"contracts/testing/ERC3156FlashBorrowerReentrancy.sol":{"l":{"21":2,"23":2,"30":0},"path":"/Users/eugene/Documents/wrapped/contracts/testing/ERC3156FlashBorrowerReentrancy.sol","s":{"1":2,"2":2,"3":0},"b":{},"f":{"1":2},"fnMap":{"1":{"name":"onFlashLoan","line":14,"loc":{"start":{"line":14,"column":4},"end":{"line":31,"column":4}}}},"statementMap":{"1":{"start":{"line":21,"column":8},"end":{"line":21,"column":66}},"2":{"start":{"line":23,"column":8},"end":{"line":23,"column":698}},"3":{"start":{"line":30,"column":8},"end":{"line":30,"column":29}}},"branchMap":{}},"contracts/testing/Escrowable.sol":{"l":{"52":1,"61":1,"68":1,"71":1,"73":1,"87":0,"96":0,"103":0,"106":0,"108":0,"117":1,"118":1,"127":1,"133":1,"136":1,"142":1,"145":1,"154":0,"160":0,"163":0,"169":0,"172":0,"181":0,"187":0,"189":0,"195":0,"201":0,"204":0,"218":0,"219":0,"220":0,"221":0,"222":0,"223":0,"224":0},"path":"/Users/eugene/Documents/wrapped/contracts/testing/Escrowable.sol","s":{"1":1,"2":1,"3":1,"4":1,"5":1,"6":0,"7":0,"8":0,"9":0,"10":0,"11":1,"12":1,"13":1,"14":1,"15":1,"16":1,"17":1,"18":0,"19":0,"20":0,"21":0,"22":0,"23":0,"24":0,"25":0,"26":0,"27":0,"28":0,"29":0,"30":0,"31":0,"32":0,"33":0,"34":0,"35":0},"b":{"1":[1,0],"2":[1,0],"3":[0,0],"4":[0,0],"5":[0,0],"6":[0,0],"7":[0,0],"8":[0,0]},"f":{"1":1,"2":0,"3":1,"4":1,"5":0,"6":0,"7":0},"fnMap":{"1":{"name":"_createTransferProposal","line":47,"loc":{"start":{"line":47,"column":4},"end":{"line":74,"column":4}}},"2":{"name":"_createTransferFromProposal","line":81,"loc":{"start":{"line":81,"column":4},"end":{"line":109,"column":4}}},"3":{"name":"_releaseProposal","line":111,"loc":{"start":{"line":111,"column":4},"end":{"line":119,"column":4}}},"4":{"name":"_approveTransferProposal","line":125,"loc":{"start":{"line":125,"column":4},"end":{"line":146,"column":4}}},"5":{"name":"_rejectTransferProposal","line":152,"loc":{"start":{"line":152,"column":4},"end":{"line":173,"column":4}}},"6":{"name":"cancelTransferProposal","line":179,"loc":{"start":{"line":179,"column":4},"end":{"line":205,"column":4}}},"7":{"name":"getTransferProposal","line":207,"loc":{"start":{"line":207,"column":4},"end":{"line":225,"column":4}}}},"statementMap":{"1":{"start":{"line":52,"column":8},"end":{"line":52,"column":1641}},"2":{"start":{"line":61,"column":8},"end":{"line":61,"column":1873}},"3":{"start":{"line":68,"column":8},"end":{"line":68,"column":54}},"4":{"start":{"line":71,"column":8},"end":{"line":71,"column":54}},"5":{"start":{"line":73,"column":8},"end":{"line":73,"column":19}},"6":{"start":{"line":87,"column":8},"end":{"line":87,"column":2785}},"7":{"start":{"line":96,"column":8},"end":{"line":96,"column":3011}},"8":{"start":{"line":103,"column":8},"end":{"line":103,"column":54}},"9":{"start":{"line":106,"column":8},"end":{"line":106,"column":64}},"10":{"start":{"line":108,"column":8},"end":{"line":108,"column":19}},"11":{"start":{"line":117,"column":8},"end":{"line":117,"column":31}},"12":{"start":{"line":118,"column":8},"end":{"line":118,"column":74}},"13":{"start":{"line":127,"column":8},"end":{"line":127,"column":3949}},"14":{"start":{"line":133,"column":8},"end":{"line":133,"column":71}},"15":{"start":{"line":136,"column":8},"end":{"line":136,"column":4219}},"16":{"start":{"line":142,"column":8},"end":{"line":142,"column":67}},"17":{"start":{"line":145,"column":8},"end":{"line":145,"column":75}},"18":{"start":{"line":154,"column":8},"end":{"line":154,"column":4873}},"19":{"start":{"line":160,"column":8},"end":{"line":160,"column":71}},"20":{"start":{"line":163,"column":8},"end":{"line":163,"column":5143}},"21":{"start":{"line":169,"column":8},"end":{"line":169,"column":67}},"22":{"start":{"line":172,"column":8},"end":{"line":172,"column":77}},"23":{"start":{"line":181,"column":8},"end":{"line":181,"column":5808}},"24":{"start":{"line":187,"column":8},"end":{"line":187,"column":71}},"25":{"start":{"line":189,"column":8},"end":{"line":189,"column":6032}},"26":{"start":{"line":195,"column":8},"end":{"line":195,"column":6251}},"27":{"start":{"line":201,"column":8},"end":{"line":201,"column":67}},"28":{"start":{"line":204,"column":8},"end":{"line":204,"column":77}},"29":{"start":{"line":218,"column":8},"end":{"line":218,"column":77}},"30":{"start":{"line":219,"column":8},"end":{"line":219,"column":71}},"31":{"start":{"line":220,"column":8},"end":{"line":220,"column":36}},"32":{"start":{"line":221,"column":8},"end":{"line":221,"column":26}},"33":{"start":{"line":222,"column":8},"end":{"line":222,"column":22}},"34":{"start":{"line":223,"column":8},"end":{"line":223,"column":28}},"35":{"start":{"line":224,"column":8},"end":{"line":224,"column":28}}},"branchMap":{"1":{"line":127,"type":"if","locations":[{"start":{"line":127,"column":8},"end":{"line":127,"column":8}},{"start":{"line":127,"column":8},"end":{"line":127,"column":8}}]},"2":{"line":136,"type":"if","locations":[{"start":{"line":136,"column":8},"end":{"line":136,"column":8}},{"start":{"line":136,"column":8},"end":{"line":136,"column":8}}]},"3":{"line":154,"type":"if","locations":[{"start":{"line":154,"column":8},"end":{"line":154,"column":8}},{"start":{"line":154,"column":8},"end":{"line":154,"column":8}}]},"4":{"line":163,"type":"if","locations":[{"start":{"line":163,"column":8},"end":{"line":163,"column":8}},{"start":{"line":163,"column":8},"end":{"line":163,"column":8}}]},"5":{"line":181,"type":"if","locations":[{"start":{"line":181,"column":8},"end":{"line":181,"column":8}},{"start":{"line":181,"column":8},"end":{"line":181,"column":8}}]},"6":{"line":189,"type":"if","locations":[{"start":{"line":189,"column":8},"end":{"line":189,"column":8}},{"start":{"line":189,"column":8},"end":{"line":189,"column":8}}]},"7":{"line":195,"type":"if","locations":[{"start":{"line":195,"column":8},"end":{"line":195,"column":8}},{"start":{"line":195,"column":8},"end":{"line":195,"column":8}}]},"8":{"line":218,"type":"if","locations":[{"start":{"line":218,"column":8},"end":{"line":218,"column":8}},{"start":{"line":218,"column":8},"end":{"line":218,"column":8}}]}}},"contracts/testing/EscrowerRole.sol":{"l":{"17":1,"21":1,"25":1,"29":1,"30":1,"34":0,"35":0,"39":1,"43":0,"47":0},"path":"/Users/eugene/Documents/wrapped/contracts/testing/EscrowerRole.sol","s":{"1":1,"2":1,"3":1,"4":1,"5":0,"6":0,"7":1,"8":0,"9":0},"b":{"1":[1,0],"2":[0,0]},"f":{"1":1,"2":1,"3":1,"4":0,"5":1,"6":0},"fnMap":{"1":{"name":"onlyEscrower","line":16,"loc":{"start":{"line":16,"column":4},"end":{"line":22,"column":4}}},"2":{"name":"isEscrower","line":24,"loc":{"start":{"line":24,"column":4},"end":{"line":26,"column":4}}},"3":{"name":"_addEscrower","line":28,"loc":{"start":{"line":28,"column":4},"end":{"line":31,"column":4}}},"4":{"name":"_removeEscrower","line":33,"loc":{"start":{"line":33,"column":4},"end":{"line":36,"column":4}}},"5":{"name":"addEscrower","line":38,"loc":{"start":{"line":38,"column":4},"end":{"line":40,"column":4}}},"6":{"name":"removeEscrower","line":42,"loc":{"start":{"line":42,"column":4},"end":{"line":48,"column":4}}}},"statementMap":{"1":{"start":{"line":17,"column":8},"end":{"line":17,"column":393}},"2":{"start":{"line":25,"column":8},"end":{"line":25,"column":40}},"3":{"start":{"line":29,"column":8},"end":{"line":29,"column":32}},"4":{"start":{"line":30,"column":8},"end":{"line":30,"column":47}},"5":{"start":{"line":34,"column":8},"end":{"line":34,"column":35}},"6":{"start":{"line":35,"column":8},"end":{"line":35,"column":49}},"7":{"start":{"line":39,"column":8},"end":{"line":39,"column":28}},"8":{"start":{"line":43,"column":8},"end":{"line":43,"column":1120}},"9":{"start":{"line":47,"column":8},"end":{"line":47,"column":31}}},"branchMap":{"1":{"line":17,"type":"if","locations":[{"start":{"line":17,"column":8},"end":{"line":17,"column":8}},{"start":{"line":17,"column":8},"end":{"line":17,"column":8}}]},"2":{"line":43,"type":"if","locations":[{"start":{"line":43,"column":8},"end":{"line":43,"column":8}},{"start":{"line":43,"column":8},"end":{"line":43,"column":8}}]}}},"contracts/testing/MockV3Aggregator.sol":{"l":{"20":108,"21":108,"25":108,"26":108,"27":108,"28":108,"29":108,"30":108,"39":0,"40":0,"41":0,"42":0,"43":0,"44":0,"59":0,"80":11,"90":0},"path":"/Users/eugene/Documents/wrapped/contracts/testing/MockV3Aggregator.sol","s":{"1":108,"2":108,"3":108,"4":108,"5":108,"6":108,"7":108,"8":0,"9":0,"10":0,"11":0,"12":0,"13":0,"14":0,"15":11,"16":0},"b":{},"f":{"1":108,"2":108,"3":0,"4":0,"5":11,"6":0},"fnMap":{"1":{"name":"constructor","line":19,"loc":{"start":{"line":19,"column":4},"end":{"line":22,"column":4}}},"2":{"name":"updateAnswer","line":24,"loc":{"start":{"line":24,"column":4},"end":{"line":31,"column":4}}},"3":{"name":"updateRoundData","line":33,"loc":{"start":{"line":33,"column":4},"end":{"line":45,"column":4}}},"4":{"name":"getRoundData","line":47,"loc":{"start":{"line":47,"column":4},"end":{"line":66,"column":4}}},"5":{"name":"latestRoundData","line":68,"loc":{"start":{"line":68,"column":4},"end":{"line":87,"column":4}}},"6":{"name":"description","line":89,"loc":{"start":{"line":89,"column":4},"end":{"line":91,"column":4}}}},"statementMap":{"1":{"start":{"line":20,"column":8},"end":{"line":20,"column":27}},"2":{"start":{"line":21,"column":8},"end":{"line":21,"column":35}},"3":{"start":{"line":25,"column":8},"end":{"line":25,"column":29}},"4":{"start":{"line":26,"column":8},"end":{"line":26,"column":40}},"5":{"start":{"line":28,"column":8},"end":{"line":28,"column":39}},"6":{"start":{"line":29,"column":8},"end":{"line":29,"column":50}},"7":{"start":{"line":30,"column":8},"end":{"line":30,"column":50}},"8":{"start":{"line":39,"column":8},"end":{"line":39,"column":29}},"9":{"start":{"line":40,"column":8},"end":{"line":40,"column":29}},"10":{"start":{"line":41,"column":8},"end":{"line":41,"column":35}},"11":{"start":{"line":42,"column":8},"end":{"line":42,"column":39}},"12":{"start":{"line":43,"column":8},"end":{"line":43,"column":45}},"13":{"start":{"line":44,"column":8},"end":{"line":44,"column":45}},"14":{"start":{"line":59,"column":8},"end":{"line":59,"column":1710}},"15":{"start":{"line":80,"column":8},"end":{"line":80,"column":2157}},"16":{"start":{"line":90,"column":8},"end":{"line":90,"column":48}}},"branchMap":{}},"contracts/testing/Sender.sol":{"l":{"10":1},"path":"/Users/eugene/Documents/wrapped/contracts/testing/Sender.sol","s":{"1":1},"b":{},"f":{"1":1,"2":1},"fnMap":{"1":{"name":null,"line":7,"loc":{"start":{"line":7,"column":4},"end":{"line":7,"column":33}}},"2":{"name":"send","line":9,"loc":{"start":{"line":9,"column":4},"end":{"line":11,"column":4}}}},"statementMap":{"1":{"start":{"line":10,"column":8},"end":{"line":10,"column":38}}},"branchMap":{}},"contracts/testing/WrappedTokenEscrow.sol":{"l":{"55":0,"56":0,"57":0,"58":0,"65":0,"72":0,"79":1,"90":1,"103":0},"path":"/Users/eugene/Documents/wrapped/contracts/testing/WrappedTokenEscrow.sol","s":{"1":0,"2":0,"3":0,"4":0,"5":0,"6":0,"7":1,"8":1,"9":0},"b":{},"f":{"1":0,"2":0,"3":0,"4":1,"5":1,"6":0},"fnMap":{"1":{"name":"initialize","line":54,"loc":{"start":{"line":48,"column":4},"end":{"line":59,"column":4}}},"2":{"name":"updateCodeAddress","line":64,"loc":{"start":{"line":64,"column":4},"end":{"line":66,"column":4}}},"3":{"name":"rejectTransferProposal","line":71,"loc":{"start":{"line":71,"column":4},"end":{"line":73,"column":4}}},"4":{"name":"approveTransferProposal","line":78,"loc":{"start":{"line":78,"column":4},"end":{"line":80,"column":4}}},"5":{"name":"transfer","line":85,"loc":{"start":{"line":85,"column":4},"end":{"line":91,"column":4}}},"6":{"name":"transferFrom","line":98,"loc":{"start":{"line":98,"column":4},"end":{"line":104,"column":4}}}},"statementMap":{"1":{"start":{"line":55,"column":8},"end":{"line":55,"column":50}},"2":{"start":{"line":56,"column":8},"end":{"line":56,"column":55}},"3":{"start":{"line":57,"column":8},"end":{"line":57,"column":33}},"4":{"start":{"line":58,"column":8},"end":{"line":58,"column":59}},"5":{"start":{"line":65,"column":8},"end":{"line":65,"column":47}},"6":{"start":{"line":72,"column":8},"end":{"line":72,"column":52}},"7":{"start":{"line":79,"column":8},"end":{"line":79,"column":53}},"8":{"start":{"line":90,"column":8},"end":{"line":90,"column":62}},"9":{"start":{"line":103,"column":8},"end":{"line":103,"column":72}}},"branchMap":{}},"contracts/testing/WrappedTokenEscrowNotProxiable.sol":{"l":{"52":0,"53":0,"54":0,"55":0,"62":0,"69":0,"80":0,"93":0},"path":"/Users/eugene/Documents/wrapped/contracts/testing/WrappedTokenEscrowNotProxiable.sol","s":{"1":0,"2":0,"3":0,"4":0,"5":0,"6":0,"7":0,"8":0},"b":{},"f":{"1":0,"2":0,"3":0,"4":0,"5":0},"fnMap":{"1":{"name":"initialize","line":51,"loc":{"start":{"line":45,"column":4},"end":{"line":56,"column":4}}},"2":{"name":"rejectTransferProposal","line":61,"loc":{"start":{"line":61,"column":4},"end":{"line":63,"column":4}}},"3":{"name":"approveTransferProposal","line":68,"loc":{"start":{"line":68,"column":4},"end":{"line":70,"column":4}}},"4":{"name":"transfer","line":75,"loc":{"start":{"line":75,"column":4},"end":{"line":81,"column":4}}},"5":{"name":"transferFrom","line":88,"loc":{"start":{"line":88,"column":4},"end":{"line":94,"column":4}}}},"statementMap":{"1":{"start":{"line":52,"column":8},"end":{"line":52,"column":50}},"2":{"start":{"line":53,"column":8},"end":{"line":53,"column":55}},"3":{"start":{"line":54,"column":8},"end":{"line":54,"column":33}},"4":{"start":{"line":55,"column":8},"end":{"line":55,"column":59}},"5":{"start":{"line":62,"column":8},"end":{"line":62,"column":52}},"6":{"start":{"line":69,"column":8},"end":{"line":69,"column":53}},"7":{"start":{"line":80,"column":8},"end":{"line":80,"column":62}},"8":{"start":{"line":93,"column":8},"end":{"line":93,"column":72}}},"branchMap":{}},"contracts/WrappedTokenV1.sol":{"l":{"81":108,"83":108,"84":108,"85":108,"87":108,"88":108,"90":108,"96":6,"105":2,"107":2,"108":0,"123":70,"124":4,"128":66,"129":5,"133":61,"134":18,"139":43,"140":32,"144":11,"157":71,"158":4,"161":67,"162":29,"165":38,"166":32,"169":6,"170":5,"174":1,"186":58,"187":58,"191":26,"204":25,"217":1,"222":1,"233":1,"245":11,"246":11,"248":11,"249":11,"251":11,"253":11,"260":5,"271":168,"272":42,"275":126},"path":"/Users/eugene/Documents/wrapped/contracts/WrappedTokenV1.sol","s":{"1":108,"2":108,"3":108,"4":108,"5":108,"6":108,"7":108,"8":6,"9":2,"10":2,"11":0,"12":70,"13":4,"14":66,"15":5,"16":61,"17":18,"18":43,"19":32,"20":11,"21":71,"22":4,"23":67,"24":29,"25":38,"26":32,"27":6,"28":5,"29":1,"30":58,"31":58,"32":25,"33":1,"34":1,"35":1,"36":11,"37":11,"38":11,"39":11,"40":11,"41":11,"42":5,"43":168,"44":42,"45":126},"b":{"1":[4,66],"2":[5,61],"3":[18,43],"4":[32,11],"5":[4,67],"6":[29,38],"7":[32,6],"8":[5,1],"9":[26,32],"10":[11,0],"11":[5,6],"12":[42,126],"13":[124,2]},"f":{"1":108,"2":6,"3":2,"4":70,"5":71,"6":58,"7":25,"8":1,"9":1,"10":1,"11":11,"12":168},"fnMap":{"1":{"name":"initialize","line":80,"loc":{"start":{"line":72,"column":4},"end":{"line":91,"column":4}}},"2":{"name":"updateCodeAddress","line":95,"loc":{"start":{"line":95,"column":4},"end":{"line":97,"column":4}}},"3":{"name":"updateOracleAddress","line":103,"loc":{"start":{"line":101,"column":4},"end":{"line":109,"column":4}}},"4":{"name":"detectTransferRestriction","line":116,"loc":{"start":{"line":116,"column":4},"end":{"line":145,"column":4}}},"5":{"name":"messageForTransferRestriction","line":151,"loc":{"start":{"line":151,"column":4},"end":{"line":175,"column":4}}},"6":{"name":"notRestricted","line":181,"loc":{"start":{"line":181,"column":4},"end":{"line":192,"column":4}}},"7":{"name":"transfer","line":201,"loc":{"start":{"line":198,"column":4},"end":{"line":205,"column":4}}},"8":{"name":"transferFrom","line":216,"loc":{"start":{"line":212,"column":4},"end":{"line":218,"column":4}}},"9":{"name":"withdraw","line":221,"loc":{"start":{"line":221,"column":4},"end":{"line":223,"column":4}}},"10":{"name":"recover","line":230,"loc":{"start":{"line":228,"column":4},"end":{"line":234,"column":4}}},"11":{"name":"mint","line":242,"loc":{"start":{"line":239,"column":4},"end":{"line":261,"column":4}}},"12":{"name":"_beforeTokenTransfer","line":266,"loc":{"start":{"line":266,"column":4},"end":{"line":279,"column":4}}}},"statementMap":{"1":{"start":{"line":81,"column":8},"end":{"line":81,"column":28}},"2":{"start":{"line":83,"column":8},"end":{"line":83,"column":50}},"3":{"start":{"line":84,"column":8},"end":{"line":84,"column":55}},"4":{"start":{"line":85,"column":8},"end":{"line":85,"column":33}},"5":{"start":{"line":87,"column":8},"end":{"line":87,"column":54}},"6":{"start":{"line":88,"column":8},"end":{"line":88,"column":59}},"7":{"start":{"line":90,"column":8},"end":{"line":90,"column":47}},"8":{"start":{"line":96,"column":8},"end":{"line":96,"column":47}},"9":{"start":{"line":105,"column":8},"end":{"line":105,"column":28}},"10":{"start":{"line":107,"column":8},"end":{"line":107,"column":26}},"11":{"start":{"line":108,"column":8},"end":{"line":108,"column":55}},"12":{"start":{"line":123,"column":8},"end":{"line":123,"column":4625}},"13":{"start":{"line":124,"column":12},"end":{"line":124,"column":36}},"14":{"start":{"line":128,"column":8},"end":{"line":128,"column":4773}},"15":{"start":{"line":129,"column":12},"end":{"line":129,"column":33}},"16":{"start":{"line":133,"column":8},"end":{"line":133,"column":4924}},"17":{"start":{"line":134,"column":12},"end":{"line":134,"column":31}},"18":{"start":{"line":139,"column":8},"end":{"line":139,"column":5151}},"19":{"start":{"line":140,"column":12},"end":{"line":140,"column":40}},"20":{"start":{"line":144,"column":8},"end":{"line":144,"column":27}},"21":{"start":{"line":157,"column":8},"end":{"line":157,"column":5792}},"22":{"start":{"line":158,"column":12},"end":{"line":158,"column":44}},"23":{"start":{"line":161,"column":8},"end":{"line":161,"column":5901}},"24":{"start":{"line":162,"column":12},"end":{"line":162,"column":34}},"25":{"start":{"line":165,"column":8},"end":{"line":165,"column":5995}},"26":{"start":{"line":166,"column":12},"end":{"line":166,"column":48}},"27":{"start":{"line":169,"column":8},"end":{"line":169,"column":6112}},"28":{"start":{"line":170,"column":12},"end":{"line":170,"column":41}},"29":{"start":{"line":174,"column":8},"end":{"line":174,"column":28}},"30":{"start":{"line":186,"column":8},"end":{"line":186,"column":74}},"31":{"start":{"line":187,"column":8},"end":{"line":187,"column":6747}},"32":{"start":{"line":204,"column":8},"end":{"line":204,"column":53}},"33":{"start":{"line":217,"column":8},"end":{"line":217,"column":63}},"34":{"start":{"line":222,"column":8},"end":{"line":222,"column":58}},"35":{"start":{"line":233,"column":8},"end":{"line":233,"column":75}},"36":{"start":{"line":245,"column":8},"end":{"line":245,"column":63}},"37":{"start":{"line":246,"column":8},"end":{"line":246,"column":63}},"38":{"start":{"line":248,"column":8},"end":{"line":248,"column":54}},"39":{"start":{"line":249,"column":8},"end":{"line":249,"column":60}},"40":{"start":{"line":251,"column":8},"end":{"line":251,"column":78}},"41":{"start":{"line":253,"column":8},"end":{"line":253,"column":9189}},"42":{"start":{"line":260,"column":8},"end":{"line":260,"column":45}},"43":{"start":{"line":271,"column":8},"end":{"line":271,"column":9801}},"44":{"start":{"line":272,"column":12},"end":{"line":272,"column":18}},"45":{"start":{"line":275,"column":8},"end":{"line":275,"column":9866}}},"branchMap":{"1":{"line":123,"type":"if","locations":[{"start":{"line":123,"column":8},"end":{"line":123,"column":8}},{"start":{"line":123,"column":8},"end":{"line":123,"column":8}}]},"2":{"line":128,"type":"if","locations":[{"start":{"line":128,"column":8},"end":{"line":128,"column":8}},{"start":{"line":128,"column":8},"end":{"line":128,"column":8}}]},"3":{"line":133,"type":"if","locations":[{"start":{"line":133,"column":8},"end":{"line":133,"column":8}},{"start":{"line":133,"column":8},"end":{"line":133,"column":8}}]},"4":{"line":139,"type":"if","locations":[{"start":{"line":139,"column":8},"end":{"line":139,"column":8}},{"start":{"line":139,"column":8},"end":{"line":139,"column":8}}]},"5":{"line":157,"type":"if","locations":[{"start":{"line":157,"column":8},"end":{"line":157,"column":8}},{"start":{"line":157,"column":8},"end":{"line":157,"column":8}}]},"6":{"line":161,"type":"if","locations":[{"start":{"line":161,"column":8},"end":{"line":161,"column":8}},{"start":{"line":161,"column":8},"end":{"line":161,"column":8}}]},"7":{"line":165,"type":"if","locations":[{"start":{"line":165,"column":8},"end":{"line":165,"column":8}},{"start":{"line":165,"column":8},"end":{"line":165,"column":8}}]},"8":{"line":169,"type":"if","locations":[{"start":{"line":169,"column":8},"end":{"line":169,"column":8}},{"start":{"line":169,"column":8},"end":{"line":169,"column":8}}]},"9":{"line":187,"type":"if","locations":[{"start":{"line":187,"column":8},"end":{"line":187,"column":8}},{"start":{"line":187,"column":8},"end":{"line":187,"column":8}}]},"10":{"line":251,"type":"if","locations":[{"start":{"line":251,"column":8},"end":{"line":251,"column":8}},{"start":{"line":251,"column":8},"end":{"line":251,"column":8}}]},"11":{"line":253,"type":"if","locations":[{"start":{"line":253,"column":8},"end":{"line":253,"column":8}},{"start":{"line":253,"column":8},"end":{"line":253,"column":8}}]},"12":{"line":271,"type":"if","locations":[{"start":{"line":271,"column":8},"end":{"line":271,"column":8}},{"start":{"line":271,"column":8},"end":{"line":271,"column":8}}]},"13":{"line":275,"type":"if","locations":[{"start":{"line":275,"column":8},"end":{"line":275,"column":8}},{"start":{"line":275,"column":8},"end":{"line":275,"column":8}}]}}}}