TN:
SF:/Users/eugene/Documents/wrapped/contracts/capabilities/Blacklistable.sol
FN:34,_setBlacklistEnabled
FN:42,_addToBlacklist
FN:59,_removeFromBlacklist
FN:77,checkBlacklistAllowed
FN:93,setBlacklistEnabled
FN:99,addToBlacklist
FN:107,removeFromBlacklist
FNF:7
FNH:7
FNDA:12,_setBlacklistEnabled
FNDA:13,_addToBlacklist
FNDA:9,_removeFromBlacklist
FNDA:76,checkBlacklistAllowed
FNDA:12,setBlacklistEnabled
FNDA:13,addToBlacklist
FNDA:9,removeFromBlacklist
DA:35,12
DA:36,12
DA:44,13
DA:47,11
DA:50,9
DA:53,9
DA:61,9
DA:64,7
DA:67,5
DA:70,5
DA:83,76
DA:84,64
DA:88,12
DA:94,12
DA:100,13
DA:109,9
LF:16
LH:16
BRDA:44,1,0,11
BRDA:44,1,1,2
BRDA:47,2,0,9
BRDA:47,2,1,2
BRDA:61,3,0,7
BRDA:61,3,1,2
BRDA:64,4,0,5
BRDA:64,4,1,2
BRDA:83,5,0,64
BRDA:83,5,1,12
BRF:10
BRH:10
end_of_record
TN:
SF:/Users/eugene/Documents/wrapped/contracts/capabilities/Burnable.sol
FN:20,_burn
FN:35,burn
FNF:2
FNH:2
FNDA:2,_burn
FNDA:2,burn
DA:25,2
DA:26,2
DA:27,2
DA:38,2
LF:4
LH:4
BRF:0
BRH:0
end_of_record
TN:
SF:/Users/eugene/Documents/wrapped/contracts/capabilities/Mintable.sol
FN:33,_mint
FN:51,_setFlashMintEnabled
FN:58,_setFlashMintFeeReceiver
FN:68,mint
FN:76,setFlashMintFee
FN:82,setFlashMintEnabled
FN:88,setFlashMintFeeReceiver
FN:95,flashFee
FN:123,flashLoan
FNF:9
FNH:7
FNDA:113,_mint
FNDA:108,_setFlashMintEnabled
FNDA:108,_setFlashMintFeeReceiver
FNDA:5,mint
FNDA:1,setFlashMintFee
FNDA:0,setFlashMintEnabled
FNDA:0,setFlashMintFeeReceiver
FNDA:15,flashFee
FNDA:13,flashLoan
DA:38,113
DA:43,113
DA:44,113
DA:45,113
DA:52,108
DA:59,108
DA:71,5
DA:77,1
DA:83,0
DA:89,0
DA:101,15
DA:103,14
DA:124,13
DA:126,13
DA:127,13
DA:129,11
DA:134,7
DA:135,7
DA:140,5
DA:141,5
DA:146,5
DA:148,3
LF:22
LH:20
BRDA:38,1,0,113
BRDA:38,1,1,0
BRDA:101,2,0,14
BRDA:101,2,1,1
BRDA:124,3,0,13
BRDA:124,3,1,0
BRDA:129,4,0,7
BRDA:129,4,1,4
BRDA:135,5,0,5
BRDA:135,5,1,2
BRF:10
BRH:8
end_of_record
TN:
SF:/Users/eugene/Documents/wrapped/contracts/capabilities/Pausable.sol
FN:21,paused
FN:26,whenNotPaused
FN:32,whenPaused
FN:39,_pause
FN:46,_unpause
FN:52,pause
FN:57,unpause
FNF:7
FNH:7
FNDA:68,paused
FNDA:8,whenNotPaused
FNDA:4,whenPaused
FNDA:6,_pause
FNDA:2,_unpause
FNDA:6,pause
FNDA:2,unpause
DA:22,68
DA:27,8
DA:28,6
DA:33,4
DA:34,2
DA:40,6
DA:41,6
DA:47,2
DA:48,2
DA:53,6
DA:58,2
LF:11
LH:11
BRDA:27,1,0,6
BRDA:27,1,1,2
BRDA:33,2,0,2
BRDA:33,2,1,2
BRF:4
BRH:4
end_of_record
TN:
SF:/Users/eugene/Documents/wrapped/contracts/capabilities/Proxiable.sol
FN:12,_updateCodeAddress
FN:26,getLogicAddress
FN:33,proxiableUUID
FNF:3
FNH:3
FNDA:6,_updateCodeAddress
FNDA:1,getLogicAddress
FNDA:4,proxiableUUID
DA:13,6
DA:18,4
DA:23,4
DA:27,1
DA:34,4
LF:5
LH:5
BRDA:13,1,0,4
BRDA:13,1,1,2
BRF:2
BRH:2
end_of_record
TN:
SF:/Users/eugene/Documents/wrapped/contracts/capabilities/Revocable.sol
FN:19,_revoke
FN:30,revoke
FNF:2
FNH:2
FNDA:2,_revoke
FNDA:2,revoke
DA:20,2
DA:21,2
DA:22,2
DA:33,2
LF:4
LH:4
BRF:0
BRH:0
end_of_record
TN:
SF:/Users/eugene/Documents/wrapped/contracts/capabilities/RevocableToAddress.sol
FN:25,_revokeToAddress
FN:47,revokeToAddress
FNF:2
FNH:2
FNDA:2,_revokeToAddress
FNDA:2,revokeToAddress
DA:30,2
DA:31,2
DA:32,2
DA:48,2
LF:4
LH:4
BRF:0
BRH:0
end_of_record
TN:
SF:/Users/eugene/Documents/wrapped/contracts/capabilities/Whitelistable.sol
FN:52,_setWhitelistEnabled
FN:62,_addToWhitelist
FN:95,_removeFromWhitelist
FN:127,_updateOutboundWhitelistEnabled
FN:156,checkWhitelistAllowed
FN:183,setWhitelistEnabled
FN:194,addToWhitelist
FN:203,removeFromWhitelist
FN:217,updateOutboundWhitelistEnabled
FNF:9
FNH:9
FNDA:110,_setWhitelistEnabled
FNDA:29,_addToWhitelist
FNDA:11,_removeFromWhitelist
FNDA:15,_updateOutboundWhitelistEnabled
FNDA:50,checkWhitelistAllowed
FNDA:2,setWhitelistEnabled
FNDA:29,addToWhitelist
FNDA:11,removeFromWhitelist
FNDA:15,updateOutboundWhitelistEnabled
DA:53,110
DA:54,110
DA:64,29
DA:70,27
DA:73,25
DA:76,25
DA:79,25
DA:81,5
DA:89,25
DA:97,11
DA:103,9
DA:106,9
DA:112,7
DA:115,7
DA:133,15
DA:138,15
DA:143,15
DA:162,50
DA:163,3
DA:167,47
DA:168,47
DA:171,47
DA:174,29
DA:178,18
DA:184,2
DA:196,29
DA:205,11
DA:218,15
LF:28
LH:28
BRDA:64,1,0,27
BRDA:64,1,1,2
BRDA:70,2,0,25
BRDA:70,2,1,2
BRDA:79,3,0,5
BRDA:79,3,1,20
BRDA:97,4,0,9
BRDA:97,4,1,2
BRDA:106,5,0,7
BRDA:106,5,1,2
BRDA:162,6,0,3
BRDA:162,6,1,47
BRDA:171,7,0,29
BRDA:171,7,1,18
BRF:14
BRH:14
end_of_record
TN:
SF:/Users/eugene/Documents/wrapped/contracts/ERC1404.sol
FNF:0
FNH:0
LF:0
LH:0
BRF:0
BRH:0
end_of_record
TN:
SF:/Users/eugene/Documents/wrapped/contracts/Proxy.sol
FN:11,constructor
FN:22,
FNF:2
FNH:2
FNDA:110,constructor
FNDA:670,
DA:13,110
DA:16,108
DA:23,670
LF:3
LH:3
BRDA:13,1,0,108
BRDA:13,1,1,2
BRF:2
BRH:2
end_of_record
TN:
SF:/Users/eugene/Documents/wrapped/contracts/roles/BlacklisterRole.sol
FN:23,onlyBlacklister
FN:29,isBlacklister
FN:36,_addBlacklister
FN:44,_removeBlacklister
FN:51,addBlacklister
FN:57,removeBlacklister
FNF:6
FNH:6
FNDA:28,onlyBlacklister
FNDA:33,isBlacklister
FNDA:12,_addBlacklister
FNDA:5,_removeBlacklister
FNDA:12,addBlacklister
FNDA:5,removeBlacklister
DA:24,28
DA:25,22
DA:30,33
DA:37,12
DA:38,12
DA:45,5
DA:46,5
DA:52,12
DA:58,5
LF:9
LH:9
BRDA:24,1,0,22
BRDA:24,1,1,6
BRF:2
BRH:2
end_of_record
TN:
SF:/Users/eugene/Documents/wrapped/contracts/roles/BurnerRole.sol
FN:20,onlyBurner
FN:29,isBurner
FN:36,_addBurner
FN:44,_removeBurner
FN:51,addBurner
FN:57,removeBurner
FNF:6
FNH:6
FNDA:8,onlyBurner
FNDA:13,isBurner
FNDA:7,_addBurner
FNDA:4,_removeBurner
FNDA:7,addBurner
FNDA:4,removeBurner
DA:21,8
DA:25,2
DA:30,13
DA:37,7
DA:38,7
DA:45,4
DA:46,4
DA:52,7
DA:58,4
LF:9
LH:9
BRDA:21,1,0,2
BRDA:21,1,1,6
BRF:2
BRH:2
end_of_record
TN:
SF:/Users/eugene/Documents/wrapped/contracts/roles/MinterRole.sol
FN:20,onlyMinter
FN:29,isMinter
FN:36,_addMinter
FN:44,_removeMinter
FN:51,addMinter
FN:57,removeMinter
FNF:6
FNH:6
FNDA:19,onlyMinter
FNDA:24,isMinter
FNDA:11,_addMinter
FNDA:4,_removeMinter
FNDA:11,addMinter
FNDA:4,removeMinter
DA:21,19
DA:25,17
DA:30,24
DA:37,11
DA:38,11
DA:45,4
DA:46,4
DA:52,11
DA:58,4
LF:9
LH:9
BRDA:21,1,0,17
BRDA:21,1,1,2
BRF:2
BRH:2
end_of_record
TN:
SF:/Users/eugene/Documents/wrapped/contracts/roles/OwnerRole.sol
FN:19,onlyOwner
FN:28,isOwner
FN:34,addOwner
FN:40,removeOwner
FN:47,_addOwner
FN:55,_removeOwner
FN:64,_add
FN:74,_remove
FN:83,_has
FNF:9
FNH:9
FNDA:169,onlyOwner
FNDA:233,isOwner
FNDA:6,addOwner
FNDA:4,removeOwner
FNDA:114,_addOwner
FNDA:4,_removeOwner
FNDA:189,_add
FNDA:30,_remove
FNDA:631,_has
DA:20,169
DA:24,135
DA:29,233
DA:35,6
DA:41,4
DA:48,114
DA:49,112
DA:56,4
DA:57,4
DA:65,189
DA:66,187
DA:67,187
DA:75,30
DA:76,30
DA:88,631
DA:89,631
LF:16
LH:16
BRDA:20,1,0,135
BRDA:20,1,1,34
BRDA:65,2,0,187
BRDA:65,2,1,2
BRDA:66,3,0,187
BRDA:66,3,1,0
BRDA:75,4,0,30
BRDA:75,4,1,0
BRDA:88,5,0,631
BRDA:88,5,1,0
BRF:10
BRH:7
end_of_record
TN:
SF:/Users/eugene/Documents/wrapped/contracts/roles/PauserRole.sol
FN:20,onlyPauser
FN:29,isPauser
FN:36,_addPauser
FN:44,_removePauser
FN:51,addPauser
FN:57,removePauser
FNF:6
FNH:6
FNDA:18,onlyPauser
FNDA:23,isPauser
FNDA:11,_addPauser
FNDA:4,_removePauser
FNDA:11,addPauser
FNDA:4,removePauser
DA:21,18
DA:25,12
DA:30,23
DA:37,11
DA:38,11
DA:45,4
DA:46,4
DA:52,11
DA:58,4
LF:9
LH:9
BRDA:21,1,0,12
BRDA:21,1,1,6
BRF:2
BRH:2
end_of_record
TN:
SF:/Users/eugene/Documents/wrapped/contracts/roles/RevokerRole.sol
FN:20,onlyRevoker
FN:29,isRevoker
FN:36,_addRevoker
FN:44,_removeRevoker
FN:51,addRevoker
FN:57,removeRevoker
FNF:6
FNH:6
FNDA:16,onlyRevoker
FNDA:21,isRevoker
FNDA:9,_addRevoker
FNDA:4,_removeRevoker
FNDA:9,addRevoker
FNDA:4,removeRevoker
DA:21,16
DA:25,4
DA:30,21
DA:37,9
DA:38,9
DA:45,4
DA:46,4
DA:52,9
DA:58,4
LF:9
LH:9
BRDA:21,1,0,4
BRDA:21,1,1,12
BRF:2
BRH:2
end_of_record
TN:
SF:/Users/eugene/Documents/wrapped/contracts/roles/WhitelisterRole.sol
FN:23,onlyWhitelister
FN:32,isWhitelister
FN:39,_addWhitelister
FN:47,_removeWhitelister
FN:54,addWhitelister
FN:60,removeWhitelister
FNF:6
FNH:6
FNDA:61,onlyWhitelister
FNDA:66,isWhitelister
FNDA:24,_addWhitelister
FNDA:5,_removeWhitelister
FNDA:24,addWhitelister
FNDA:5,removeWhitelister
DA:24,61
DA:28,55
DA:33,66
DA:40,24
DA:41,24
DA:48,5
DA:49,5
DA:55,24
DA:61,5
LF:9
LH:9
BRDA:24,1,0,55
BRDA:24,1,1,6
BRF:2
BRH:2
end_of_record
TN:
SF:/Users/eugene/Documents/wrapped/contracts/testing/ERC20Mock.sol
FN:11,constructor
FN:16,totalSupply
FN:20,balanceOf
FN:24,transfer
FN:39,approve
FN:48,transferFrom
FNF:6
FNH:3
FNDA:1,constructor
FNDA:0,totalSupply
FNDA:9,balanceOf
FNDA:2,transfer
FNDA:0,approve
FNDA:0,transferFrom
DA:12,1
DA:13,1
DA:17,0
DA:21,9
DA:28,2
DA:33,2
DA:34,2
DA:36,2
DA:43,0
DA:45,0
DA:53,0
DA:54,0
DA:56,0
DA:57,0
DA:58,0
DA:60,0
LF:16
LH:7
BRDA:28,1,0,2
BRDA:28,1,1,0
BRDA:53,2,0,0
BRDA:53,2,1,0
BRDA:54,3,0,0
BRDA:54,3,1,0
BRF:6
BRH:1
end_of_record
TN:
SF:/Users/eugene/Documents/wrapped/contracts/testing/ERC3156FlashBorrowerMock.sol
FN:26,__ERC3156FlashBorrowerMock_init
FN:33,__ERC3156FlashBorrowerMock_init_unchained
FN:38,onFlashLoan
FN:70,constructor
FNF:4
FNH:4
FNDA:7,__ERC3156FlashBorrowerMock_init
FNDA:7,__ERC3156FlashBorrowerMock_init_unchained
FNDA:9,onFlashLoan
FNDA:7,constructor
DA:27,7
DA:34,7
DA:35,7
DA:45,9
DA:47,9
DA:52,9
DA:54,9
DA:56,2
DA:59,9
DA:60,7
DA:63,9
DA:71,7
LF:12
LH:12
BRDA:45,1,0,9
BRDA:45,1,1,0
BRDA:54,2,0,2
BRDA:54,2,1,7
BRDA:59,3,0,7
BRDA:59,3,1,2
BRF:6
BRH:5
end_of_record
TN:
SF:/Users/eugene/Documents/wrapped/contracts/testing/ERC3156FlashBorrowerReentrancy.sol
FN:14,onFlashLoan
FNF:1
FNH:1
FNDA:2,onFlashLoan
DA:21,2
DA:23,2
DA:30,0
LF:3
LH:2
BRF:0
BRH:0
end_of_record
TN:
SF:/Users/eugene/Documents/wrapped/contracts/testing/Escrowable.sol
FN:47,_createTransferProposal
FN:81,_createTransferFromProposal
FN:111,_releaseProposal
FN:125,_approveTransferProposal
FN:152,_rejectTransferProposal
FN:179,cancelTransferProposal
FN:207,getTransferProposal
FNF:7
FNH:3
FNDA:1,_createTransferProposal
FNDA:0,_createTransferFromProposal
FNDA:1,_releaseProposal
FNDA:1,_approveTransferProposal
FNDA:0,_rejectTransferProposal
FNDA:0,cancelTransferProposal
FNDA:0,getTransferProposal
DA:52,1
DA:61,1
DA:68,1
DA:71,1
DA:73,1
DA:87,0
DA:96,0
DA:103,0
DA:106,0
DA:108,0
DA:117,1
DA:118,1
DA:127,1
DA:133,1
DA:136,1
DA:142,1
DA:145,1
DA:154,0
DA:160,0
DA:163,0
DA:169,0
DA:172,0
DA:181,0
DA:187,0
DA:189,0
DA:195,0
DA:201,0
DA:204,0
DA:218,0
DA:219,0
DA:220,0
DA:221,0
DA:222,0
DA:223,0
DA:224,0
LF:35
LH:12
BRDA:127,1,0,1
BRDA:127,1,1,0
BRDA:136,2,0,1
BRDA:136,2,1,0
BRDA:154,3,0,0
BRDA:154,3,1,0
BRDA:163,4,0,0
BRDA:163,4,1,0
BRDA:181,5,0,0
BRDA:181,5,1,0
BRDA:189,6,0,0
BRDA:189,6,1,0
BRDA:195,7,0,0
BRDA:195,7,1,0
BRDA:218,8,0,0
BRDA:218,8,1,0
BRF:16
BRH:2
end_of_record
TN:
SF:/Users/eugene/Documents/wrapped/contracts/testing/EscrowerRole.sol
FN:16,onlyEscrower
FN:24,isEscrower
FN:28,_addEscrower
FN:33,_removeEscrower
FN:38,addEscrower
FN:42,removeEscrower
FNF:6
FNH:4
FNDA:1,onlyEscrower
FNDA:1,isEscrower
FNDA:1,_addEscrower
FNDA:0,_removeEscrower
FNDA:1,addEscrower
FNDA:0,removeEscrower
DA:17,1
DA:21,1
DA:25,1
DA:29,1
DA:30,1
DA:34,0
DA:35,0
DA:39,1
DA:43,0
DA:47,0
LF:10
LH:6
BRDA:17,1,0,1
BRDA:17,1,1,0
BRDA:43,2,0,0
BRDA:43,2,1,0
BRF:4
BRH:1
end_of_record
TN:
SF:/Users/eugene/Documents/wrapped/contracts/testing/MockV3Aggregator.sol
FN:19,constructor
FN:24,updateAnswer
FN:33,updateRoundData
FN:47,getRoundData
FN:68,latestRoundData
FN:89,description
FNF:6
FNH:3
FNDA:108,constructor
FNDA:108,updateAnswer
FNDA:0,updateRoundData
FNDA:0,getRoundData
FNDA:11,latestRoundData
FNDA:0,description
DA:20,108
DA:21,108
DA:25,108
DA:26,108
DA:27,108
DA:28,108
DA:29,108
DA:30,108
DA:39,0
DA:40,0
DA:41,0
DA:42,0
DA:43,0
DA:44,0
DA:59,0
DA:80,11
DA:90,0
LF:17
LH:9
BRF:0
BRH:0
end_of_record
TN:
SF:/Users/eugene/Documents/wrapped/contracts/testing/Sender.sol
FN:7,
FN:9,send
FNF:2
FNH:2
FNDA:1,
FNDA:1,send
DA:10,1
LF:1
LH:1
BRF:0
BRH:0
end_of_record
TN:
SF:/Users/eugene/Documents/wrapped/contracts/testing/WrappedTokenEscrow.sol
FN:54,initialize
FN:64,updateCodeAddress
FN:71,rejectTransferProposal
FN:78,approveTransferProposal
FN:85,transfer
FN:98,transferFrom
FNF:6
FNH:2
FNDA:0,initialize
FNDA:0,updateCodeAddress
FNDA:0,rejectTransferProposal
FNDA:1,approveTransferProposal
FNDA:1,transfer
FNDA:0,transferFrom
DA:55,0
DA:56,0
DA:57,0
DA:58,0
DA:65,0
DA:72,0
DA:79,1
DA:90,1
DA:103,0
LF:9
LH:2
BRF:0
BRH:0
end_of_record
TN:
SF:/Users/eugene/Documents/wrapped/contracts/testing/WrappedTokenEscrowNotProxiable.sol
FN:51,initialize
FN:61,rejectTransferProposal
FN:68,approveTransferProposal
FN:75,transfer
FN:88,transferFrom
FNF:5
FNH:0
FNDA:0,initialize
FNDA:0,rejectTransferProposal
FNDA:0,approveTransferProposal
FNDA:0,transfer
FNDA:0,transferFrom
DA:52,0
DA:53,0
DA:54,0
DA:55,0
DA:62,0
DA:69,0
DA:80,0
DA:93,0
LF:8
LH:0
BRF:0
BRH:0
end_of_record
TN:
SF:/Users/eugene/Documents/wrapped/contracts/WrappedTokenV1.sol
FN:80,initialize
FN:95,updateCodeAddress
FN:103,updateOracleAddress
FN:116,detectTransferRestriction
FN:151,messageForTransferRestriction
FN:181,notRestricted
FN:201,transfer
FN:216,transferFrom
FN:221,withdraw
FN:230,recover
FN:242,mint
FN:266,_beforeTokenTransfer
FNF:12
FNH:12
FNDA:108,initialize
FNDA:6,updateCodeAddress
FNDA:2,updateOracleAddress
FNDA:70,detectTransferRestriction
FNDA:71,messageForTransferRestriction
FNDA:58,notRestricted
FNDA:25,transfer
FNDA:1,transferFrom
FNDA:1,withdraw
FNDA:1,recover
FNDA:11,mint
FNDA:168,_beforeTokenTransfer
DA:81,108
DA:83,108
DA:84,108
DA:85,108
DA:87,108
DA:88,108
DA:90,108
DA:96,6
DA:105,2
DA:107,2
DA:108,0
DA:123,70
DA:124,4
DA:128,66
DA:129,5
DA:133,61
DA:134,18
DA:139,43
DA:140,32
DA:144,11
DA:157,71
DA:158,4
DA:161,67
DA:162,29
DA:165,38
DA:166,32
DA:169,6
DA:170,5
DA:174,1
DA:186,58
DA:187,58
DA:191,26
DA:204,25
DA:217,1
DA:222,1
DA:233,1
DA:245,11
DA:246,11
DA:248,11
DA:249,11
DA:251,11
DA:253,11
DA:260,5
DA:271,168
DA:272,42
DA:275,126
LF:46
LH:45
BRDA:123,1,0,4
BRDA:123,1,1,66
BRDA:128,2,0,5
BRDA:128,2,1,61
BRDA:133,3,0,18
BRDA:133,3,1,43
BRDA:139,4,0,32
BRDA:139,4,1,11
BRDA:157,5,0,4
BRDA:157,5,1,67
BRDA:161,6,0,29
BRDA:161,6,1,38
BRDA:165,7,0,32
BRDA:165,7,1,6
BRDA:169,8,0,5
BRDA:169,8,1,1
BRDA:187,9,0,26
BRDA:187,9,1,32
BRDA:251,10,0,11
BRDA:251,10,1,0
BRDA:253,11,0,5
BRDA:253,11,1,6
BRDA:271,12,0,42
BRDA:271,12,1,126
BRDA:275,13,0,124
BRDA:275,13,1,2
BRF:26
BRH:25
end_of_record
